<?xml version="1.0" encoding="UTF-8"?>
<!-- Generated by org.testng.reporters.JUnitReportReporter -->
<testsuite hostname="DESKTOP-QFI1UQL" failures="0" tests="2" name="TestSce.TestMethod_TendableSearch" time="20.891" errors="0" timestamp="2024-08-04T13:41:55 IST" skipped="0">
  <testcase classname="TestSce.TestMethod_TendableSearch" name="verifyTendableHomePage" time="13.365"/>
  <testcase classname="TestSce.TestMethod_TendableSearch" name="verifyTendableConatctUsPage" time="7.526"/>
</testsuite> <!-- TestSce.TestMethod_TendableSearch -->
